build/app/intermediates/manifest_merge_blame_file/release/manifest-merger-blame-release-report.txt
1<?xml version="1.0" encoding="utf-8"?>
2<manifest xmlns:android="http://schemas.android.com/apk/res/android"
3    package="com.kiran.flick"
4    android:versionCode="1"
5    android:versionName="1.0.0" >
6
7    <uses-sdk
8        android:minSdkVersion="16"
8-->src\main\AndroidManifest.xml
9        android:targetSdkVersion="28" />
9-->src\main\AndroidManifest.xml
10    <!--
11         io.flutter.app.FlutterApplication is an android.app.Application that
12         calls FlutterMain.startInitialization(this); in its onCreate method.
13         In most cases you can leave this as-is, but you if you want to provide
14         additional functionality it is fine to subclass or reimplement
15         FlutterApplication and put your custom class here.
16    -->
17    <uses-permission android:name="android.permission.INTERNET" />
17-->src\main\AndroidManifest.xml:8:10-71
17-->src\main\AndroidManifest.xml:8:27-69
18    <uses-permission android:name="android.permission.ACCESS_NETWORK_STATE" />
18-->[:connectivity] AndroidManifest.xml:7:5-79
18-->[:connectivity] AndroidManifest.xml:7:22-76
19    <uses-permission android:name="android.permission.ACCESS_WIFI_STATE" />
19-->[:connectivity] AndroidManifest.xml:8:5-76
19-->[:connectivity] AndroidManifest.xml:8:22-73
20    <uses-permission android:name="android.permission.WAKE_LOCK" />
20-->[com.google.android.gms:play-services-measurement:17.2.2] AndroidManifest.xml:25:5-68
20-->[com.google.android.gms:play-services-measurement:17.2.2] AndroidManifest.xml:25:22-65
21    <uses-permission android:name="com.google.android.finsky.permission.BIND_GET_INSTALL_REFERRER_SERVICE" /> <!-- Required by older versions of Google Play services to create IID tokens -->
21-->[com.google.android.gms:play-services-measurement:17.2.2] AndroidManifest.xml:26:5-110
21-->[com.google.android.gms:play-services-measurement:17.2.2] AndroidManifest.xml:26:22-107
22    <uses-permission android:name="com.google.android.c2dm.permission.RECEIVE" />
22-->[com.google.firebase:firebase-iid:20.0.2] AndroidManifest.xml:26:5-82
22-->[com.google.firebase:firebase-iid:20.0.2] AndroidManifest.xml:26:22-79
23
24    <application
24-->src\main\AndroidManifest.xml:9:5-33:19
25        android:name="io.flutter.app.FlutterApplication"
25-->src\main\AndroidManifest.xml:10:9-57
26        android:appComponentFactory="androidx.core.app.CoreComponentFactory"
26-->[androidx.core:core:1.1.0] AndroidManifest.xml:24:18-86
27        android:icon="@mipmap/launcher_icon"
27-->src\main\AndroidManifest.xml:12:9-45
28        android:label="Flick" >
28-->src\main\AndroidManifest.xml:11:9-30
29        <activity
29-->src\main\AndroidManifest.xml:13:9-24:20
30            android:name="com.kiran.flick.MainActivity"
30-->src\main\AndroidManifest.xml:14:13-41
31            android:configChanges="orientation|keyboardHidden|keyboard|screenSize|smallestScreenSize|locale|layoutDirection|fontScale|screenLayout|density|uiMode"
31-->src\main\AndroidManifest.xml:17:13-163
32            android:hardwareAccelerated="true"
32-->src\main\AndroidManifest.xml:18:13-47
33            android:launchMode="singleTop"
33-->src\main\AndroidManifest.xml:15:13-43
34            android:theme="@style/LaunchTheme"
34-->src\main\AndroidManifest.xml:16:13-47
35            android:windowSoftInputMode="adjustResize" >
35-->src\main\AndroidManifest.xml:19:13-55
36            <intent-filter>
36-->src\main\AndroidManifest.xml:20:13-23:29
37                <action android:name="android.intent.action.MAIN" />
37-->src\main\AndroidManifest.xml:21:17-68
37-->src\main\AndroidManifest.xml:21:25-66
38
39                <category android:name="android.intent.category.LAUNCHER" />
39-->src\main\AndroidManifest.xml:22:17-76
39-->src\main\AndroidManifest.xml:22:27-74
40            </intent-filter>
41        </activity>
42        <!--
43             Don't delete the meta-data below.
44             This is used by the Flutter tool to generate GeneratedPluginRegistrant.java
45        -->
46        <meta-data
46-->src\main\AndroidManifest.xml:27:9-29:33
47            android:name="flutterEmbedding"
47-->src\main\AndroidManifest.xml:28:13-44
48            android:value="2" />
48-->src\main\AndroidManifest.xml:29:13-30
49        <meta-data
49-->src\main\AndroidManifest.xml:30:9-32:69
50            android:name="com.google.android.gms.ads.APPLICATION_ID"
50-->src\main\AndroidManifest.xml:31:13-69
51            android:value="ca-app-pub-5949796943707443~1509266177" />
51-->src\main\AndroidManifest.xml:32:13-67
52
53        <activity
53-->[:url_launcher] AndroidManifest.xml:8:9-11:74
54            android:name="io.flutter.plugins.urllauncher.WebViewActivity"
54-->[:url_launcher] AndroidManifest.xml:9:13-74
55            android:exported="false"
55-->[:url_launcher] AndroidManifest.xml:10:13-37
56            android:theme="@android:style/Theme.NoTitleBar.Fullscreen" />
56-->[:url_launcher] AndroidManifest.xml:11:13-71
57
58        <receiver
58-->[com.google.android.gms:play-services-measurement:17.2.2] AndroidManifest.xml:29:9-33:20
59            android:name="com.google.android.gms.measurement.AppMeasurementReceiver"
59-->[com.google.android.gms:play-services-measurement:17.2.2] AndroidManifest.xml:30:13-85
60            android:enabled="true"
60-->[com.google.android.gms:play-services-measurement:17.2.2] AndroidManifest.xml:31:13-35
61            android:exported="false" >
61-->[com.google.android.gms:play-services-measurement:17.2.2] AndroidManifest.xml:32:13-37
62        </receiver>
63        <receiver
63-->[com.google.android.gms:play-services-measurement:17.2.2] AndroidManifest.xml:34:9-42:20
64            android:name="com.google.android.gms.measurement.AppMeasurementInstallReferrerReceiver"
64-->[com.google.android.gms:play-services-measurement:17.2.2] AndroidManifest.xml:35:13-100
65            android:enabled="true"
65-->[com.google.android.gms:play-services-measurement:17.2.2] AndroidManifest.xml:36:13-35
66            android:exported="true"
66-->[com.google.android.gms:play-services-measurement:17.2.2] AndroidManifest.xml:37:13-36
67            android:permission="android.permission.INSTALL_PACKAGES" >
67-->[com.google.android.gms:play-services-measurement:17.2.2] AndroidManifest.xml:38:13-69
68            <intent-filter>
68-->[com.google.android.gms:play-services-measurement:17.2.2] AndroidManifest.xml:39:13-41:29
69                <action android:name="com.android.vending.INSTALL_REFERRER" />
69-->[com.google.android.gms:play-services-measurement:17.2.2] AndroidManifest.xml:40:17-79
69-->[com.google.android.gms:play-services-measurement:17.2.2] AndroidManifest.xml:40:25-76
70            </intent-filter>
71        </receiver>
72
73        <service
73-->[com.google.android.gms:play-services-measurement:17.2.2] AndroidManifest.xml:44:9-47:40
74            android:name="com.google.android.gms.measurement.AppMeasurementService"
74-->[com.google.android.gms:play-services-measurement:17.2.2] AndroidManifest.xml:45:13-84
75            android:enabled="true"
75-->[com.google.android.gms:play-services-measurement:17.2.2] AndroidManifest.xml:46:13-35
76            android:exported="false" />
76-->[com.google.android.gms:play-services-measurement:17.2.2] AndroidManifest.xml:47:13-37
77        <service
77-->[com.google.android.gms:play-services-measurement:17.2.2] AndroidManifest.xml:48:9-52:72
78            android:name="com.google.android.gms.measurement.AppMeasurementJobService"
78-->[com.google.android.gms:play-services-measurement:17.2.2] AndroidManifest.xml:49:13-87
79            android:enabled="true"
79-->[com.google.android.gms:play-services-measurement:17.2.2] AndroidManifest.xml:50:13-35
80            android:exported="false"
80-->[com.google.android.gms:play-services-measurement:17.2.2] AndroidManifest.xml:51:13-37
81            android:permission="android.permission.BIND_JOB_SERVICE" />
81-->[com.google.android.gms:play-services-measurement:17.2.2] AndroidManifest.xml:52:13-69
82        <service
82-->[com.google.android.gms:play-services-measurement-api:17.2.2] AndroidManifest.xml:27:9-33:19
83            android:name="com.google.firebase.components.ComponentDiscoveryService"
83-->[com.google.android.gms:play-services-measurement-api:17.2.2] AndroidManifest.xml:28:13-84
84            android:directBootAware="true"
84-->[com.google.firebase:firebase-common:19.3.0] AndroidManifest.xml:34:13-43
85            android:exported="false" >
85-->[com.google.android.gms:play-services-measurement-api:17.2.2] AndroidManifest.xml:29:13-37
86            <meta-data
86-->[com.google.android.gms:play-services-measurement-api:17.2.2] AndroidManifest.xml:30:13-32:85
87                android:name="com.google.firebase.components:com.google.firebase.analytics.connector.internal.AnalyticsConnectorRegistrar"
87-->[com.google.android.gms:play-services-measurement-api:17.2.2] AndroidManifest.xml:31:17-139
88                android:value="com.google.firebase.components.ComponentRegistrar" />
88-->[com.google.android.gms:play-services-measurement-api:17.2.2] AndroidManifest.xml:32:17-82
89            <meta-data
89-->[com.google.firebase:firebase-iid:20.0.2] AndroidManifest.xml:32:13-34:85
90                android:name="com.google.firebase.components:com.google.firebase.iid.Registrar"
90-->[com.google.firebase:firebase-iid:20.0.2] AndroidManifest.xml:33:17-96
91                android:value="com.google.firebase.components.ComponentRegistrar" />
91-->[com.google.firebase:firebase-iid:20.0.2] AndroidManifest.xml:34:17-82
92        </service> <!-- Include the AdActivity and InAppPurchaseActivity configChanges and themes. -->
93        <activity
93-->[com.google.android.gms:play-services-ads-lite:17.0.0] AndroidManifest.xml:29:9-33:64
94            android:name="com.google.android.gms.ads.AdActivity"
94-->[com.google.android.gms:play-services-ads-lite:17.0.0] AndroidManifest.xml:30:13-65
95            android:configChanges="keyboard|keyboardHidden|orientation|screenLayout|uiMode|screenSize|smallestScreenSize"
95-->[com.google.android.gms:play-services-ads-lite:17.0.0] AndroidManifest.xml:31:13-122
96            android:exported="false"
96-->[com.google.android.gms:play-services-ads-lite:17.0.0] AndroidManifest.xml:32:13-37
97            android:theme="@android:style/Theme.Translucent" />
97-->[com.google.android.gms:play-services-ads-lite:17.0.0] AndroidManifest.xml:33:13-61
98
99        <provider
99-->[com.google.android.gms:play-services-ads-lite:17.0.0] AndroidManifest.xml:35:9-39:39
100            android:name="com.google.android.gms.ads.MobileAdsInitProvider"
100-->[com.google.android.gms:play-services-ads-lite:17.0.0] AndroidManifest.xml:36:13-76
101            android:authorities="com.kiran.flick.mobileadsinitprovider"
101-->[com.google.android.gms:play-services-ads-lite:17.0.0] AndroidManifest.xml:37:13-73
102            android:exported="false"
102-->[com.google.android.gms:play-services-ads-lite:17.0.0] AndroidManifest.xml:38:13-37
103            android:initOrder="100" />
103-->[com.google.android.gms:play-services-ads-lite:17.0.0] AndroidManifest.xml:39:13-36
104
105        <receiver
105-->[com.google.firebase:firebase-iid:20.0.2] AndroidManifest.xml:37:9-44:20
106            android:name="com.google.firebase.iid.FirebaseInstanceIdReceiver"
106-->[com.google.firebase:firebase-iid:20.0.2] AndroidManifest.xml:38:13-78
107            android:exported="true"
107-->[com.google.firebase:firebase-iid:20.0.2] AndroidManifest.xml:39:13-36
108            android:permission="com.google.android.c2dm.permission.SEND" >
108-->[com.google.firebase:firebase-iid:20.0.2] AndroidManifest.xml:40:13-73
109            <intent-filter>
109-->[com.google.firebase:firebase-iid:20.0.2] AndroidManifest.xml:41:13-43:29
110                <action android:name="com.google.android.c2dm.intent.RECEIVE" />
110-->[com.google.firebase:firebase-iid:20.0.2] AndroidManifest.xml:42:17-81
110-->[com.google.firebase:firebase-iid:20.0.2] AndroidManifest.xml:42:25-78
111            </intent-filter>
112        </receiver>
113
114        <provider
114-->[com.google.firebase:firebase-common:19.3.0] AndroidManifest.xml:26:9-30:39
115            android:name="com.google.firebase.provider.FirebaseInitProvider"
115-->[com.google.firebase:firebase-common:19.3.0] AndroidManifest.xml:27:13-77
116            android:authorities="com.kiran.flick.firebaseinitprovider"
116-->[com.google.firebase:firebase-common:19.3.0] AndroidManifest.xml:28:13-72
117            android:exported="false"
117-->[com.google.firebase:firebase-common:19.3.0] AndroidManifest.xml:29:13-37
118            android:initOrder="100" />
118-->[com.google.firebase:firebase-common:19.3.0] AndroidManifest.xml:30:13-36
119
120        <activity
120-->[com.google.android.gms:play-services-base:17.0.0] AndroidManifest.xml:23:9-26:75
121            android:name="com.google.android.gms.common.api.GoogleApiActivity"
121-->[com.google.android.gms:play-services-base:17.0.0] AndroidManifest.xml:24:13-79
122            android:exported="false"
122-->[com.google.android.gms:play-services-base:17.0.0] AndroidManifest.xml:25:13-37
123            android:theme="@android:style/Theme.Translucent.NoTitleBar" />
123-->[com.google.android.gms:play-services-base:17.0.0] AndroidManifest.xml:26:13-72
124
125        <meta-data
125-->[com.google.android.gms:play-services-basement:17.0.0] AndroidManifest.xml:23:9-25:69
126            android:name="com.google.android.gms.version"
126-->[com.google.android.gms:play-services-basement:17.0.0] AndroidManifest.xml:24:13-58
127            android:value="@integer/google_play_services_version" />
127-->[com.google.android.gms:play-services-basement:17.0.0] AndroidManifest.xml:25:13-66
128    </application>
129
130</manifest>